<?xml version="1.0" encoding="UTF-8"?>
<!-- Generated by org.testng.reporters.JUnitReportReporter -->
<testsuite hostname="LIN59017494" failures="0" tests="1" name="testCases.TC_00_LoginPage" time="30.375" errors="0" timestamp="2023-12-27T16:15:39 IST" skipped="0">
  <testcase classname="testCases.TC_00_LoginPage" name="login" time="30.375"/>
</testsuite> <!-- testCases.TC_00_LoginPage -->
