<?xml version="1.0" encoding="UTF-8"?>
<!-- Generated by org.testng.reporters.JUnitReportReporter -->
<testsuite hostname="LIN59017494" failures="0" tests="1" name="testCases.TC_00_AccountRegistration" time="23.133" errors="0" timestamp="2023-12-31T01:53:55 IST" skipped="0">
  <testcase classname="testCases.TC_00_AccountRegistration" name="Registration" time="23.133"/>
</testsuite> <!-- testCases.TC_00_AccountRegistration -->
